TN:
SF:script/DeployRaffle.s.sol
DA:11,16
FN:11,DeployRaffle.run
FNDA:16,DeployRaffle.run
DA:12,16
DA:13,16
DA:14,16
DA:16,16
BRDA:16,0,0,-
DA:17,0
DA:18,0
DA:21,0
DA:22,0
DA:26,0
DA:29,16
DA:30,16
DA:38,16
DA:41,16
DA:42,16
FNF:1
FNH:1
LF:15
LH:10
BRF:1
BRH:0
end_of_record
TN:
SF:script/HelperConfig.s.sol
DA:45,16
FN:45,HelperConfig.constructor
FNDA:16,HelperConfig.constructor
DA:46,16
DA:47,16
DA:51,32
FN:51,HelperConfig.getConfig
FNDA:32,HelperConfig.getConfig
DA:52,32
DA:55,0
FN:55,HelperConfig.setConfig
FNDA:0,HelperConfig.setConfig
DA:59,0
DA:62,0
FN:62,HelperConfig.getConfigByChainId
FNDA:0,HelperConfig.getConfigByChainId
DA:65,32
BRDA:65,0,0,-
BRDA:65,0,1,-
DA:66,0
DA:67,32
BRDA:67,1,0,32
BRDA:67,1,1,-
DA:68,32
DA:70,0
DA:74,16
FN:74,HelperConfig.getMainnetEthConfig
FNDA:16,HelperConfig.getMainnetEthConfig
DA:79,16
DA:91,16
FN:91,HelperConfig.getSepoliaEthConfig
FNDA:16,HelperConfig.getSepoliaEthConfig
DA:96,16
DA:108,0
FN:108,HelperConfig.getOrCreateAnvilEthConfig
FNDA:0,HelperConfig.getOrCreateAnvilEthConfig
DA:110,32
BRDA:110,2,0,16
DA:111,16
DA:114,16
DA:115,16
DA:116,16
DA:117,16
DA:122,16
DA:123,16
DA:124,16
DA:126,16
DA:136,16
DA:137,16
FNF:7
FNH:4
LF:30
LH:24
BRF:5
BRH:2
end_of_record
TN:
SF:script/Interactions.s.sol
DA:13,0
FN:13,CreateSubscription.createSubscriptionUsingConfig
FNDA:0,CreateSubscription.createSubscriptionUsingConfig
DA:14,0
DA:15,0
DA:16,0
DA:17,0
DA:20,0
FN:20,CreateSubscription.createSubscription
FNDA:0,CreateSubscription.createSubscription
DA:21,0
DA:22,0
DA:23,0
DA:24,0
DA:25,0
DA:26,0
DA:27,0
DA:30,0
FN:30,CreateSubscription.run
FNDA:0,CreateSubscription.run
DA:31,0
DA:36,16
FN:36,AddConsumer.addConsumer
FNDA:16,AddConsumer.addConsumer
DA:37,16
DA:38,16
DA:39,16
DA:40,16
DA:41,16
DA:42,16
DA:45,0
FN:45,AddConsumer.addConsumerUsingConfig
FNDA:0,AddConsumer.addConsumerUsingConfig
DA:46,0
DA:47,0
DA:48,0
DA:49,0
DA:51,0
DA:54,0
FN:54,AddConsumer.run
FNDA:0,AddConsumer.run
DA:55,0
DA:56,0
DA:63,0
FN:63,FundSubscription.fundSubscriptionUsingConfig
FNDA:0,FundSubscription.fundSubscriptionUsingConfig
DA:64,0
DA:65,0
DA:66,0
DA:67,0
DA:68,0
DA:70,0
BRDA:70,0,0,-
DA:71,0
DA:72,0
DA:73,0
DA:74,0
DA:75,0
DA:78,0
DA:81,0
FN:81,FundSubscription.fundSubscription
FNDA:0,FundSubscription.fundSubscription
DA:82,0
DA:83,0
DA:84,0
DA:85,0
BRDA:85,1,0,-
BRDA:85,1,1,-
DA:86,0
DA:87,0
DA:88,0
DA:90,0
DA:91,0
DA:92,0
DA:93,0
DA:94,0
DA:95,0
DA:96,0
DA:100,0
FN:100,FundSubscription.run
FNDA:0,FundSubscription.run
DA:101,0
FNF:9
FNH:1
LF:61
LH:7
BRF:3
BRH:0
end_of_record
TN:
SF:src/Raffle.sol
DA:41,16
FN:41,Raffle.constructor
FNDA:16,Raffle.constructor
DA:49,16
DA:50,16
DA:51,16
DA:52,16
DA:53,16
DA:54,16
DA:55,16
DA:60,17
FN:60,Raffle.enterRaffle
FNDA:17,Raffle.enterRaffle
DA:61,17
BRDA:61,0,0,1
DA:62,1
DA:64,16
BRDA:64,1,0,1
DA:65,1
DA:67,15
DA:68,15
DA:72,4
FN:72,Raffle.checkUpkeep
FNDA:4,Raffle.checkUpkeep
DA:73,10
DA:74,10
DA:75,10
DA:76,10
DA:77,10
DA:78,10
DA:81,6
FN:81,Raffle.performUpkeep
FNDA:6,Raffle.performUpkeep
DA:82,6
DA:83,6
BRDA:83,2,0,1
DA:84,1
DA:87,5
DA:89,5
DA:103,5
DA:107,1
FN:107,Raffle.fulfillRandomWords
FNDA:1,Raffle.fulfillRandomWords
DA:108,1
DA:109,1
DA:110,1
DA:111,1
DA:112,1
DA:113,1
DA:114,1
DA:115,1
DA:116,1
BRDA:116,3,0,-
DA:117,0
DA:123,5
FN:123,Raffle.getRaffleState
FNDA:5,Raffle.getRaffleState
DA:124,5
DA:127,0
FN:127,Raffle.getNumWords
FNDA:0,Raffle.getNumWords
DA:128,0
DA:131,0
FN:131,Raffle.getRequestConfirmations
FNDA:0,Raffle.getRequestConfirmations
DA:132,0
DA:135,1
FN:135,Raffle.getRecentWinner
FNDA:1,Raffle.getRecentWinner
DA:136,1
DA:139,1
FN:139,Raffle.getPlayer
FNDA:1,Raffle.getPlayer
DA:140,1
DA:143,2
FN:143,Raffle.getLastTimeStamp
FNDA:2,Raffle.getLastTimeStamp
DA:144,2
DA:147,0
FN:147,Raffle.getInterval
FNDA:0,Raffle.getInterval
DA:148,0
DA:151,0
FN:151,Raffle.getEntranceFee
FNDA:0,Raffle.getEntranceFee
DA:152,0
DA:155,0
FN:155,Raffle.getNumberOfPlayers
FNDA:0,Raffle.getNumberOfPlayers
DA:156,0
FNF:14
FNH:9
LF:58
LH:47
BRF:4
BRH:3
end_of_record
TN:
SF:test/mocks/LinkToken.sol
DA:15,16
FN:15,LinkToken.constructor
FNDA:16,LinkToken.constructor
DA:16,16
DA:19,14
FN:19,LinkToken.mint
FNDA:14,LinkToken.mint
DA:20,14
DA:28,0
FN:28,LinkToken.transferAndCall
FNDA:0,LinkToken.transferAndCall
DA:29,0
DA:32,0
DA:33,0
BRDA:33,0,0,-
DA:34,0
DA:36,0
DA:41,0
FN:41,LinkToken.contractFallback
FNDA:0,LinkToken.contractFallback
DA:42,0
DA:43,0
DA:46,0
FN:46,LinkToken.isContract
FNDA:0,LinkToken.isContract
DA:47,0
DA:49,0
DA:51,0
FNF:5
FNH:2
LF:17
LH:4
BRF:1
BRH:0
end_of_record
